<?xml version="1.0" encoding="UTF-8"?>
<testng-results skipped="0" failed="2" ignored="0" total="27" passed="25">
  <reporter-output>
  </reporter-output>
  <suite name="OpenCart TestSuite" duration-ms="626680" started-at="2021-06-01T13:37:35 IST" finished-at="2021-06-01T13:48:02 IST">
    <groups>
      <group name="regression">
        <method signature="TC_001_AccountRegistration.test_account_Registration()[pri:0, instance:testCases.TC_001_AccountRegistration@27d415d9]" name="test_account_Registration" class="testCases.TC_001_AccountRegistration"/>
      </group> <!-- regression -->
      <group name="sanity">
        <method signature="TC_002_Login.test_Login()[pri:0, instance:testCases.TC_002_Login@5c18298f]" name="test_Login" class="testCases.TC_002_Login"/>
      </group> <!-- sanity -->
      <group name="master">
        <method signature="TC_001_AccountRegistration.test_account_Registration()[pri:0, instance:testCases.TC_001_AccountRegistration@27d415d9]" name="test_account_Registration" class="testCases.TC_001_AccountRegistration"/>
        <method signature="TC_002_Login.test_Login()[pri:0, instance:testCases.TC_002_Login@5c18298f]" name="test_Login" class="testCases.TC_002_Login"/>
      </group> <!-- master -->
    </groups>
    <test name="OpenCart Tests" duration-ms="626680" started-at="2021-06-01T13:37:35 IST" finished-at="2021-06-01T13:48:02 IST">
      <class name="testCases.TC_025_SpecialOffer">
        <test-method status="PASS" signature="setup(java.lang.String)[pri:0, instance:testCases.TC_025_SpecialOffer@35a50a4c]" name="setup" is-config="true" duration-ms="1704" started-at="2021-06-01T13:46:43 IST" finished-at="2021-06-01T13:46:45 IST">
          <params>
            <param index="0">
              <value>
                <![CDATA[chrome]]>
              </value>
            </param>
          </params>
          <reporter-output>
          </reporter-output>
        </test-method> <!-- setup -->
        <test-method status="PASS" signature="test_contactus()[pri:0, instance:testCases.TC_025_SpecialOffer@35a50a4c]" name="test_contactus" duration-ms="20364" started-at="2021-06-01T13:46:45 IST" finished-at="2021-06-01T13:47:05 IST">
          <reporter-output>
          </reporter-output>
        </test-method> <!-- test_contactus -->
        <test-method status="PASS" signature="teadDown()[pri:0, instance:testCases.TC_025_SpecialOffer@35a50a4c]" name="teadDown" is-config="true" duration-ms="859" started-at="2021-06-01T13:47:05 IST" finished-at="2021-06-01T13:47:06 IST">
          <reporter-output>
          </reporter-output>
        </test-method> <!-- teadDown -->
      </class> <!-- testCases.TC_025_SpecialOffer -->
      <class name="testCases.TC_012_MyAccount">
        <test-method status="PASS" signature="setup(java.lang.String)[pri:0, instance:testCases.TC_012_MyAccount@17211155]" name="setup" is-config="true" duration-ms="1628" started-at="2021-06-01T13:42:00 IST" finished-at="2021-06-01T13:42:01 IST">
          <params>
            <param index="0">
              <value>
                <![CDATA[chrome]]>
              </value>
            </param>
          </params>
          <reporter-output>
          </reporter-output>
        </test-method> <!-- setup -->
        <test-method status="PASS" signature="test_Myaccount()[pri:0, instance:testCases.TC_012_MyAccount@17211155]" name="test_Myaccount" duration-ms="26033" started-at="2021-06-01T13:42:01 IST" finished-at="2021-06-01T13:42:27 IST">
          <reporter-output>
          </reporter-output>
        </test-method> <!-- test_Myaccount -->
        <test-method status="PASS" signature="teadDown()[pri:0, instance:testCases.TC_012_MyAccount@17211155]" name="teadDown" is-config="true" duration-ms="723" started-at="2021-06-01T13:42:27 IST" finished-at="2021-06-01T13:42:28 IST">
          <reporter-output>
          </reporter-output>
        </test-method> <!-- teadDown -->
      </class> <!-- testCases.TC_012_MyAccount -->
      <class name="testCases.TC_013_MyAccountInformation">
        <test-method status="PASS" signature="setup(java.lang.String)[pri:0, instance:testCases.TC_013_MyAccountInformation@b3d7190]" name="setup" is-config="true" duration-ms="1800" started-at="2021-06-01T13:42:28 IST" finished-at="2021-06-01T13:42:30 IST">
          <params>
            <param index="0">
              <value>
                <![CDATA[chrome]]>
              </value>
            </param>
          </params>
          <reporter-output>
          </reporter-output>
        </test-method> <!-- setup -->
        <test-method status="PASS" signature="test_MyAccountInformation()[pri:0, instance:testCases.TC_013_MyAccountInformation@b3d7190]" name="test_MyAccountInformation" duration-ms="18667" started-at="2021-06-01T13:42:30 IST" finished-at="2021-06-01T13:42:48 IST">
          <reporter-output>
          </reporter-output>
        </test-method> <!-- test_MyAccountInformation -->
        <test-method status="PASS" signature="teadDown()[pri:0, instance:testCases.TC_013_MyAccountInformation@b3d7190]" name="teadDown" is-config="true" duration-ms="768" started-at="2021-06-01T13:42:48 IST" finished-at="2021-06-01T13:42:49 IST">
          <reporter-output>
          </reporter-output>
        </test-method> <!-- teadDown -->
      </class> <!-- testCases.TC_013_MyAccountInformation -->
      <class name="testCases.TC_014_ChangePassword">
        <test-method status="PASS" signature="setup(java.lang.String)[pri:0, instance:testCases.TC_014_ChangePassword@5fdba6f9]" name="setup" is-config="true" duration-ms="1675" started-at="2021-06-01T13:42:49 IST" finished-at="2021-06-01T13:42:51 IST">
          <params>
            <param index="0">
              <value>
                <![CDATA[chrome]]>
              </value>
            </param>
          </params>
          <reporter-output>
          </reporter-output>
        </test-method> <!-- setup -->
        <test-method status="PASS" signature="test_changepassword()[pri:0, instance:testCases.TC_014_ChangePassword@5fdba6f9]" name="test_changepassword" duration-ms="22548" started-at="2021-06-01T13:42:51 IST" finished-at="2021-06-01T13:43:13 IST">
          <reporter-output>
          </reporter-output>
        </test-method> <!-- test_changepassword -->
        <test-method status="PASS" signature="teadDown()[pri:0, instance:testCases.TC_014_ChangePassword@5fdba6f9]" name="teadDown" is-config="true" duration-ms="786" started-at="2021-06-01T13:43:13 IST" finished-at="2021-06-01T13:43:14 IST">
          <reporter-output>
          </reporter-output>
        </test-method> <!-- teadDown -->
      </class> <!-- testCases.TC_014_ChangePassword -->
      <class name="testCases.TC_027_GiftCertificate">
        <test-method status="PASS" signature="setup(java.lang.String)[pri:0, instance:testCases.TC_027_GiftCertificate@103f852]" name="setup" is-config="true" duration-ms="1807" started-at="2021-06-01T13:47:23 IST" finished-at="2021-06-01T13:47:24 IST">
          <params>
            <param index="0">
              <value>
                <![CDATA[chrome]]>
              </value>
            </param>
          </params>
          <reporter-output>
          </reporter-output>
        </test-method> <!-- setup -->
        <test-method status="PASS" signature="test_HeaderFooterMenuOptions()[pri:0, instance:testCases.TC_027_GiftCertificate@103f852]" name="test_HeaderFooterMenuOptions" duration-ms="20036" started-at="2021-06-01T13:47:24 IST" finished-at="2021-06-01T13:47:44 IST">
          <reporter-output>
          </reporter-output>
        </test-method> <!-- test_HeaderFooterMenuOptions -->
        <test-method status="PASS" signature="teadDown()[pri:0, instance:testCases.TC_027_GiftCertificate@103f852]" name="teadDown" is-config="true" duration-ms="831" started-at="2021-06-01T13:47:44 IST" finished-at="2021-06-01T13:47:45 IST">
          <reporter-output>
          </reporter-output>
        </test-method> <!-- teadDown -->
      </class> <!-- testCases.TC_027_GiftCertificate -->
      <class name="testCases.TC_022_Newsletter">
        <test-method status="PASS" signature="setup(java.lang.String)[pri:0, instance:testCases.TC_022_Newsletter@24b1d79b]" name="setup" is-config="true" duration-ms="1768" started-at="2021-06-01T13:45:27 IST" finished-at="2021-06-01T13:45:29 IST">
          <params>
            <param index="0">
              <value>
                <![CDATA[chrome]]>
              </value>
            </param>
          </params>
          <reporter-output>
          </reporter-output>
        </test-method> <!-- setup -->
        <test-method status="PASS" signature="test_Newletter()[pri:0, instance:testCases.TC_022_Newsletter@24b1d79b]" name="test_Newletter" duration-ms="23929" started-at="2021-06-01T13:45:29 IST" finished-at="2021-06-01T13:45:53 IST">
          <reporter-output>
          </reporter-output>
        </test-method> <!-- test_Newletter -->
        <test-method status="PASS" signature="teadDown()[pri:0, instance:testCases.TC_022_Newsletter@24b1d79b]" name="teadDown" is-config="true" duration-ms="705" started-at="2021-06-01T13:45:53 IST" finished-at="2021-06-01T13:45:54 IST">
          <reporter-output>
          </reporter-output>
        </test-method> <!-- teadDown -->
      </class> <!-- testCases.TC_022_Newsletter -->
      <class name="testCases.TC_028_Currency">
        <test-method status="PASS" signature="setup(java.lang.String)[pri:0, instance:testCases.TC_028_Currency@587c290d]" name="setup" is-config="true" duration-ms="1716" started-at="2021-06-01T13:47:45 IST" finished-at="2021-06-01T13:47:47 IST">
          <params>
            <param index="0">
              <value>
                <![CDATA[chrome]]>
              </value>
            </param>
          </params>
          <reporter-output>
          </reporter-output>
        </test-method> <!-- setup -->
        <test-method status="PASS" signature="test_currency()[pri:0, instance:testCases.TC_028_Currency@587c290d]" name="test_currency" duration-ms="14249" started-at="2021-06-01T13:47:47 IST" finished-at="2021-06-01T13:48:01 IST">
          <reporter-output>
          </reporter-output>
        </test-method> <!-- test_currency -->
        <test-method status="PASS" signature="teadDown()[pri:0, instance:testCases.TC_028_Currency@587c290d]" name="teadDown" is-config="true" duration-ms="751" started-at="2021-06-01T13:48:01 IST" finished-at="2021-06-01T13:48:02 IST">
          <reporter-output>
          </reporter-output>
        </test-method> <!-- teadDown -->
      </class> <!-- testCases.TC_028_Currency -->
      <class name="testCases.TC_016_OderHistory">
        <test-method status="PASS" signature="setup(java.lang.String)[pri:0, instance:testCases.TC_016_OderHistory@fe18270]" name="setup" is-config="true" duration-ms="1635" started-at="2021-06-01T13:43:38 IST" finished-at="2021-06-01T13:43:40 IST">
          <params>
            <param index="0">
              <value>
                <![CDATA[chrome]]>
              </value>
            </param>
          </params>
          <reporter-output>
          </reporter-output>
        </test-method> <!-- setup -->
        <test-method status="PASS" signature="test_OrderHistory()[pri:0, instance:testCases.TC_016_OderHistory@fe18270]" name="test_OrderHistory" duration-ms="15230" started-at="2021-06-01T13:43:40 IST" finished-at="2021-06-01T13:43:55 IST">
          <reporter-output>
          </reporter-output>
        </test-method> <!-- test_OrderHistory -->
        <test-method status="PASS" signature="teadDown()[pri:0, instance:testCases.TC_016_OderHistory@fe18270]" name="teadDown" is-config="true" duration-ms="782" started-at="2021-06-01T13:43:55 IST" finished-at="2021-06-01T13:43:56 IST">
          <reporter-output>
          </reporter-output>
        </test-method> <!-- teadDown -->
      </class> <!-- testCases.TC_016_OderHistory -->
      <class name="testCases.TC_004Search">
        <test-method status="PASS" signature="setup(java.lang.String)[pri:0, instance:testCases.TC_004Search@31f924f5]" name="setup" is-config="true" duration-ms="1746" started-at="2021-06-01T13:38:16 IST" finished-at="2021-06-01T13:38:18 IST">
          <params>
            <param index="0">
              <value>
                <![CDATA[chrome]]>
              </value>
            </param>
          </params>
          <reporter-output>
          </reporter-output>
        </test-method> <!-- setup -->
        <test-method status="PASS" signature="test_search()[pri:0, instance:testCases.TC_004Search@31f924f5]" name="test_search" duration-ms="18539" started-at="2021-06-01T13:38:18 IST" finished-at="2021-06-01T13:38:36 IST">
          <reporter-output>
          </reporter-output>
        </test-method> <!-- test_search -->
        <test-method status="PASS" signature="teadDown()[pri:0, instance:testCases.TC_004Search@31f924f5]" name="teadDown" is-config="true" duration-ms="758" started-at="2021-06-01T13:38:36 IST" finished-at="2021-06-01T13:38:37 IST">
          <reporter-output>
          </reporter-output>
        </test-method> <!-- teadDown -->
      </class> <!-- testCases.TC_004Search -->
      <class name="testCases.TC_019_Returns">
        <test-method status="PASS" signature="setup(java.lang.String)[pri:0, instance:testCases.TC_019_Returns@5123a213]" name="setup" is-config="true" duration-ms="1893" started-at="2021-06-01T13:44:33 IST" finished-at="2021-06-01T13:44:35 IST">
          <params>
            <param index="0">
              <value>
                <![CDATA[chrome]]>
              </value>
            </param>
          </params>
          <reporter-output>
          </reporter-output>
        </test-method> <!-- setup -->
        <test-method status="PASS" signature="test_Returns()[pri:0, instance:testCases.TC_019_Returns@5123a213]" name="test_Returns" duration-ms="15304" started-at="2021-06-01T13:44:35 IST" finished-at="2021-06-01T13:44:50 IST">
          <reporter-output>
          </reporter-output>
        </test-method> <!-- test_Returns -->
        <test-method status="PASS" signature="teadDown()[pri:0, instance:testCases.TC_019_Returns@5123a213]" name="teadDown" is-config="true" duration-ms="786" started-at="2021-06-01T13:44:50 IST" finished-at="2021-06-01T13:44:51 IST">
          <reporter-output>
          </reporter-output>
        </test-method> <!-- teadDown -->
      </class> <!-- testCases.TC_019_Returns -->
      <class name="testCases.TC_015_AddressBook">
        <test-method status="PASS" signature="setup(java.lang.String)[pri:0, instance:testCases.TC_015_AddressBook@10d59286]" name="setup" is-config="true" duration-ms="1589" started-at="2021-06-01T13:43:14 IST" finished-at="2021-06-01T13:43:16 IST">
          <params>
            <param index="0">
              <value>
                <![CDATA[chrome]]>
              </value>
            </param>
          </params>
          <reporter-output>
          </reporter-output>
        </test-method> <!-- setup -->
        <test-method status="PASS" signature="test_Addressbook()[pri:0, instance:testCases.TC_015_AddressBook@10d59286]" name="test_Addressbook" duration-ms="21404" started-at="2021-06-01T13:43:16 IST" finished-at="2021-06-01T13:43:37 IST">
          <reporter-output>
          </reporter-output>
        </test-method> <!-- test_Addressbook -->
        <test-method status="PASS" signature="teadDown()[pri:0, instance:testCases.TC_015_AddressBook@10d59286]" name="teadDown" is-config="true" duration-ms="751" started-at="2021-06-01T13:43:37 IST" finished-at="2021-06-01T13:43:38 IST">
          <reporter-output>
          </reporter-output>
        </test-method> <!-- teadDown -->
      </class> <!-- testCases.TC_015_AddressBook -->
      <class name="testCases.TC_018_RewardPoints">
        <test-method status="PASS" signature="setup(java.lang.String)[pri:0, instance:testCases.TC_018_RewardPoints@6dde5c8c]" name="setup" is-config="true" duration-ms="1534" started-at="2021-06-01T13:44:15 IST" finished-at="2021-06-01T13:44:17 IST">
          <params>
            <param index="0">
              <value>
                <![CDATA[chrome]]>
              </value>
            </param>
          </params>
          <reporter-output>
          </reporter-output>
        </test-method> <!-- setup -->
        <test-method status="PASS" signature="test_RewardPoint()[pri:0, instance:testCases.TC_018_RewardPoints@6dde5c8c]" name="test_RewardPoint" duration-ms="15771" started-at="2021-06-01T13:44:17 IST" finished-at="2021-06-01T13:44:32 IST">
          <reporter-output>
          </reporter-output>
        </test-method> <!-- test_RewardPoint -->
        <test-method status="PASS" signature="teadDown()[pri:0, instance:testCases.TC_018_RewardPoints@6dde5c8c]" name="teadDown" is-config="true" duration-ms="824" started-at="2021-06-01T13:44:32 IST" finished-at="2021-06-01T13:44:33 IST">
          <reporter-output>
          </reporter-output>
        </test-method> <!-- teadDown -->
      </class> <!-- testCases.TC_018_RewardPoints -->
      <class name="testCases.TC_020_Transections">
        <test-method status="PASS" signature="setup(java.lang.String)[pri:0, instance:testCases.TC_020_Transections@52525845]" name="setup" is-config="true" duration-ms="1654" started-at="2021-06-01T13:44:51 IST" finished-at="2021-06-01T13:44:53 IST">
          <params>
            <param index="0">
              <value>
                <![CDATA[chrome]]>
              </value>
            </param>
          </params>
          <reporter-output>
          </reporter-output>
        </test-method> <!-- setup -->
        <test-method status="PASS" signature="test_transections()[pri:0, instance:testCases.TC_020_Transections@52525845]" name="test_transections" duration-ms="15969" started-at="2021-06-01T13:44:53 IST" finished-at="2021-06-01T13:45:09 IST">
          <reporter-output>
          </reporter-output>
        </test-method> <!-- test_transections -->
        <test-method status="PASS" signature="teadDown()[pri:0, instance:testCases.TC_020_Transections@52525845]" name="teadDown" is-config="true" duration-ms="787" started-at="2021-06-01T13:45:09 IST" finished-at="2021-06-01T13:45:10 IST">
          <reporter-output>
          </reporter-output>
        </test-method> <!-- teadDown -->
      </class> <!-- testCases.TC_020_Transections -->
      <class name="testCases.TC_021_RecurringPayment">
        <test-method status="PASS" signature="setup(java.lang.String)[pri:0, instance:testCases.TC_021_RecurringPayment@3b94d659]" name="setup" is-config="true" duration-ms="1748" started-at="2021-06-01T13:45:10 IST" finished-at="2021-06-01T13:45:11 IST">
          <params>
            <param index="0">
              <value>
                <![CDATA[chrome]]>
              </value>
            </param>
          </params>
          <reporter-output>
          </reporter-output>
        </test-method> <!-- setup -->
        <test-method status="PASS" signature="test_RecurringPayment()[pri:0, instance:testCases.TC_021_RecurringPayment@3b94d659]" name="test_RecurringPayment" duration-ms="15286" started-at="2021-06-01T13:45:11 IST" finished-at="2021-06-01T13:45:27 IST">
          <reporter-output>
          </reporter-output>
        </test-method> <!-- test_RecurringPayment -->
        <test-method status="PASS" signature="teadDown()[pri:0, instance:testCases.TC_021_RecurringPayment@3b94d659]" name="teadDown" is-config="true" duration-ms="801" started-at="2021-06-01T13:45:27 IST" finished-at="2021-06-01T13:45:27 IST">
          <reporter-output>
          </reporter-output>
        </test-method> <!-- teadDown -->
      </class> <!-- testCases.TC_021_RecurringPayment -->
      <class name="testCases.TC_010_ShoppingCart">
        <test-method status="PASS" signature="setup(java.lang.String)[pri:0, instance:testCases.TC_010_ShoppingCart@5d11346a]" name="setup" is-config="true" duration-ms="1659" started-at="2021-06-01T13:40:51 IST" finished-at="2021-06-01T13:40:52 IST">
          <params>
            <param index="0">
              <value>
                <![CDATA[chrome]]>
              </value>
            </param>
          </params>
          <reporter-output>
          </reporter-output>
        </test-method> <!-- setup -->
        <test-method status="PASS" signature="test_ShoppingCart()[pri:0, instance:testCases.TC_010_ShoppingCart@5d11346a]" name="test_ShoppingCart" duration-ms="42702" started-at="2021-06-01T13:40:52 IST" finished-at="2021-06-01T13:41:35 IST">
          <reporter-output>
          </reporter-output>
        </test-method> <!-- test_ShoppingCart -->
        <test-method status="PASS" signature="teadDown()[pri:0, instance:testCases.TC_010_ShoppingCart@5d11346a]" name="teadDown" is-config="true" duration-ms="759" started-at="2021-06-01T13:41:35 IST" finished-at="2021-06-01T13:41:36 IST">
          <reporter-output>
          </reporter-output>
        </test-method> <!-- teadDown -->
      </class> <!-- testCases.TC_010_ShoppingCart -->
      <class name="testCases.TC_011_Checkout">
        <test-method status="PASS" signature="setup(java.lang.String)[pri:0, instance:testCases.TC_011_Checkout@7a36aefa]" name="setup" is-config="true" duration-ms="1780" started-at="2021-06-01T13:41:36 IST" finished-at="2021-06-01T13:41:38 IST">
          <params>
            <param index="0">
              <value>
                <![CDATA[chrome]]>
              </value>
            </param>
          </params>
          <reporter-output>
          </reporter-output>
        </test-method> <!-- setup -->
        <test-method status="FAIL" signature="test_checkout()[pri:0, instance:testCases.TC_011_Checkout@7a36aefa]" name="test_checkout" duration-ms="21249" started-at="2021-06-01T13:41:38 IST" finished-at="2021-06-01T13:41:59 IST">
          <exception class="java.lang.AssertionError">
            <message>
              <![CDATA[expected [true] but found [false]]]>
            </message>
            <full-stacktrace>
              <![CDATA[java.lang.AssertionError: expected [true] but found [false]
at org.testng.Assert.fail(Assert.java:99)
at org.testng.Assert.failNotEquals(Assert.java:1037)
at org.testng.Assert.assertTrue(Assert.java:45)
at org.testng.Assert.assertTrue(Assert.java:55)
at testCases.TC_011_Checkout.test_checkout(TC_011_Checkout.java:57)
at sun.reflect.NativeMethodAccessorImpl.invoke0(Native Method)
at sun.reflect.NativeMethodAccessorImpl.invoke(NativeMethodAccessorImpl.java:62)
at sun.reflect.DelegatingMethodAccessorImpl.invoke(DelegatingMethodAccessorImpl.java:43)
at java.lang.reflect.Method.invoke(Method.java:498)
at org.testng.internal.MethodInvocationHelper.invokeMethod(MethodInvocationHelper.java:132)
at org.testng.internal.TestInvoker.invokeMethod(TestInvoker.java:599)
at org.testng.internal.TestInvoker.invokeTestMethod(TestInvoker.java:174)
at org.testng.internal.MethodRunner.runInSequence(MethodRunner.java:46)
at org.testng.internal.TestInvoker$MethodInvocationAgent.invoke(TestInvoker.java:822)
at org.testng.internal.TestInvoker.invokeTestMethods(TestInvoker.java:147)
at org.testng.internal.TestMethodWorker.invokeTestMethods(TestMethodWorker.java:146)
at org.testng.internal.TestMethodWorker.run(TestMethodWorker.java:128)
at java.util.ArrayList.forEach(ArrayList.java:1259)
at org.testng.TestRunner.privateRun(TestRunner.java:764)
at org.testng.TestRunner.run(TestRunner.java:585)
at org.testng.SuiteRunner.runTest(SuiteRunner.java:384)
at org.testng.SuiteRunner.access$000(SuiteRunner.java:28)
at org.testng.SuiteRunner$SuiteWorker.run(SuiteRunner.java:425)
at org.testng.internal.thread.ThreadUtil.lambda$execute$0(ThreadUtil.java:66)
at java.util.concurrent.FutureTask.run(FutureTask.java:266)
at java.util.concurrent.ThreadPoolExecutor.runWorker(ThreadPoolExecutor.java:1149)
at java.util.concurrent.ThreadPoolExecutor$Worker.run(ThreadPoolExecutor.java:624)
at java.lang.Thread.run(Thread.java:748)
]]>
            </full-stacktrace>
          </exception> <!-- java.lang.AssertionError -->
          <reporter-output>
          </reporter-output>
        </test-method> <!-- test_checkout -->
        <test-method status="PASS" signature="teadDown()[pri:0, instance:testCases.TC_011_Checkout@7a36aefa]" name="teadDown" is-config="true" duration-ms="768" started-at="2021-06-01T13:41:59 IST" finished-at="2021-06-01T13:42:00 IST">
          <reporter-output>
          </reporter-output>
        </test-method> <!-- teadDown -->
      </class> <!-- testCases.TC_011_Checkout -->
      <class name="testCases.TC_001_AccountRegistration">
        <test-method status="PASS" signature="setup(java.lang.String)[pri:0, instance:testCases.TC_001_AccountRegistration@27d415d9]" name="setup" is-config="true" duration-ms="5357" started-at="2021-06-01T13:37:36 IST" finished-at="2021-06-01T13:37:41 IST">
          <params>
            <param index="0">
              <value>
                <![CDATA[chrome]]>
              </value>
            </param>
          </params>
          <reporter-output>
          </reporter-output>
        </test-method> <!-- setup -->
        <test-method status="PASS" signature="test_account_Registration()[pri:0, instance:testCases.TC_001_AccountRegistration@27d415d9]" name="test_account_Registration" duration-ms="13771" started-at="2021-06-01T13:37:41 IST" finished-at="2021-06-01T13:37:55 IST">
          <reporter-output>
          </reporter-output>
        </test-method> <!-- test_account_Registration -->
        <test-method status="PASS" signature="teadDown()[pri:0, instance:testCases.TC_001_AccountRegistration@27d415d9]" name="teadDown" is-config="true" duration-ms="1175" started-at="2021-06-01T13:37:55 IST" finished-at="2021-06-01T13:37:56 IST">
          <reporter-output>
          </reporter-output>
        </test-method> <!-- teadDown -->
      </class> <!-- testCases.TC_001_AccountRegistration -->
      <class name="testCases.TC_007_WishList">
        <test-method status="PASS" signature="setup(java.lang.String)[pri:0, instance:testCases.TC_007_WishList@4fcd19b3]" name="setup" is-config="true" duration-ms="1852" started-at="2021-06-01T13:39:32 IST" finished-at="2021-06-01T13:39:34 IST">
          <params>
            <param index="0">
              <value>
                <![CDATA[chrome]]>
              </value>
            </param>
          </params>
          <reporter-output>
          </reporter-output>
        </test-method> <!-- setup -->
        <test-method status="PASS" signature="test_wishlist()[pri:0, instance:testCases.TC_007_WishList@4fcd19b3]" name="test_wishlist" duration-ms="32334" started-at="2021-06-01T13:39:34 IST" finished-at="2021-06-01T13:40:06 IST">
          <reporter-output>
          </reporter-output>
        </test-method> <!-- test_wishlist -->
        <test-method status="PASS" signature="teadDown()[pri:0, instance:testCases.TC_007_WishList@4fcd19b3]" name="teadDown" is-config="true" duration-ms="796" started-at="2021-06-01T13:40:06 IST" finished-at="2021-06-01T13:40:07 IST">
          <reporter-output>
          </reporter-output>
        </test-method> <!-- teadDown -->
      </class> <!-- testCases.TC_007_WishList -->
      <class name="testCases.TC_009_ForgotPassword">
        <test-method status="PASS" signature="setup(java.lang.String)[pri:0, instance:testCases.TC_009_ForgotPassword@2fd66ad3]" name="setup" is-config="true" duration-ms="1878" started-at="2021-06-01T13:40:30 IST" finished-at="2021-06-01T13:40:32 IST">
          <params>
            <param index="0">
              <value>
                <![CDATA[chrome]]>
              </value>
            </param>
          </params>
          <reporter-output>
          </reporter-output>
        </test-method> <!-- setup -->
        <test-method status="PASS" signature="test_forgotpassword()[pri:0, instance:testCases.TC_009_ForgotPassword@2fd66ad3]" name="test_forgotpassword" duration-ms="17615" started-at="2021-06-01T13:40:32 IST" finished-at="2021-06-01T13:40:50 IST">
          <reporter-output>
          </reporter-output>
        </test-method> <!-- test_forgotpassword -->
        <test-method status="PASS" signature="teadDown()[pri:0, instance:testCases.TC_009_ForgotPassword@2fd66ad3]" name="teadDown" is-config="true" duration-ms="846" started-at="2021-06-01T13:40:50 IST" finished-at="2021-06-01T13:40:51 IST">
          <reporter-output>
          </reporter-output>
        </test-method> <!-- teadDown -->
      </class> <!-- testCases.TC_009_ForgotPassword -->
      <class name="testCases.TC_017_Downloads">
        <test-method status="PASS" signature="setup(java.lang.String)[pri:0, instance:testCases.TC_017_Downloads@6fb0d3ed]" name="setup" is-config="true" duration-ms="1606" started-at="2021-06-01T13:43:56 IST" finished-at="2021-06-01T13:43:57 IST">
          <params>
            <param index="0">
              <value>
                <![CDATA[chrome]]>
              </value>
            </param>
          </params>
          <reporter-output>
          </reporter-output>
        </test-method> <!-- setup -->
        <test-method status="PASS" signature="test_downloads()[pri:0, instance:testCases.TC_017_Downloads@6fb0d3ed]" name="test_downloads" duration-ms="17033" started-at="2021-06-01T13:43:57 IST" finished-at="2021-06-01T13:44:14 IST">
          <reporter-output>
          </reporter-output>
        </test-method> <!-- test_downloads -->
        <test-method status="PASS" signature="teadDown()[pri:0, instance:testCases.TC_017_Downloads@6fb0d3ed]" name="teadDown" is-config="true" duration-ms="851" started-at="2021-06-01T13:44:14 IST" finished-at="2021-06-01T13:44:15 IST">
          <reporter-output>
          </reporter-output>
        </test-method> <!-- teadDown -->
      </class> <!-- testCases.TC_017_Downloads -->
      <class name="testCases.TC_008_ProductDisplayPage">
        <test-method status="PASS" signature="setup(java.lang.String)[pri:0, instance:testCases.TC_008_ProductDisplayPage@376b4233]" name="setup" is-config="true" duration-ms="1894" started-at="2021-06-01T13:40:07 IST" finished-at="2021-06-01T13:40:09 IST">
          <params>
            <param index="0">
              <value>
                <![CDATA[chrome]]>
              </value>
            </param>
          </params>
          <reporter-output>
          </reporter-output>
        </test-method> <!-- setup -->
        <test-method status="PASS" signature="test_productdisplay()[pri:0, instance:testCases.TC_008_ProductDisplayPage@376b4233]" name="test_productdisplay" duration-ms="20726" started-at="2021-06-01T13:40:09 IST" finished-at="2021-06-01T13:40:30 IST">
          <reporter-output>
          </reporter-output>
        </test-method> <!-- test_productdisplay -->
        <test-method status="PASS" signature="teadDown()[pri:0, instance:testCases.TC_008_ProductDisplayPage@376b4233]" name="teadDown" is-config="true" duration-ms="728" started-at="2021-06-01T13:40:30 IST" finished-at="2021-06-01T13:40:30 IST">
          <reporter-output>
          </reporter-output>
        </test-method> <!-- teadDown -->
      </class> <!-- testCases.TC_008_ProductDisplayPage -->
      <class name="testCases.TC_006_ProductCompare">
        <test-method status="PASS" signature="setup(java.lang.String)[pri:0, instance:testCases.TC_006_ProductCompare@5204062d]" name="setup" is-config="true" duration-ms="1595" started-at="2021-06-01T13:39:11 IST" finished-at="2021-06-01T13:39:12 IST">
          <params>
            <param index="0">
              <value>
                <![CDATA[chrome]]>
              </value>
            </param>
          </params>
          <reporter-output>
          </reporter-output>
        </test-method> <!-- setup -->
        <test-method status="PASS" signature="test_productcompare()[pri:0, instance:testCases.TC_006_ProductCompare@5204062d]" name="test_productcompare" duration-ms="19081" started-at="2021-06-01T13:39:12 IST" finished-at="2021-06-01T13:39:31 IST">
          <reporter-output>
          </reporter-output>
        </test-method> <!-- test_productcompare -->
        <test-method status="PASS" signature="teadDown()[pri:0, instance:testCases.TC_006_ProductCompare@5204062d]" name="teadDown" is-config="true" duration-ms="717" started-at="2021-06-01T13:39:31 IST" finished-at="2021-06-01T13:39:32 IST">
          <reporter-output>
          </reporter-output>
        </test-method> <!-- teadDown -->
      </class> <!-- testCases.TC_006_ProductCompare -->
      <class name="testCases.TC_026_HeaderMenuFooterOptions">
        <test-method status="PASS" signature="setup(java.lang.String)[pri:0, instance:testCases.TC_026_HeaderMenuFooterOptions@1f021e6c]" name="setup" is-config="true" duration-ms="1592" started-at="2021-06-01T13:47:06 IST" finished-at="2021-06-01T13:47:07 IST">
          <params>
            <param index="0">
              <value>
                <![CDATA[chrome]]>
              </value>
            </param>
          </params>
          <reporter-output>
          </reporter-output>
        </test-method> <!-- setup -->
        <test-method status="PASS" signature="test_HeaderFooterMenuOptions()[pri:0, instance:testCases.TC_026_HeaderMenuFooterOptions@1f021e6c]" name="test_HeaderFooterMenuOptions" duration-ms="14319" started-at="2021-06-01T13:47:07 IST" finished-at="2021-06-01T13:47:22 IST">
          <reporter-output>
          </reporter-output>
        </test-method> <!-- test_HeaderFooterMenuOptions -->
        <test-method status="PASS" signature="teadDown()[pri:0, instance:testCases.TC_026_HeaderMenuFooterOptions@1f021e6c]" name="teadDown" is-config="true" duration-ms="872" started-at="2021-06-01T13:47:22 IST" finished-at="2021-06-01T13:47:23 IST">
          <reporter-output>
          </reporter-output>
        </test-method> <!-- teadDown -->
      </class> <!-- testCases.TC_026_HeaderMenuFooterOptions -->
      <class name="testCases.TC_024_ContactUs">
        <test-method status="PASS" signature="setup(java.lang.String)[pri:0, instance:testCases.TC_024_ContactUs@281e3708]" name="setup" is-config="true" duration-ms="1644" started-at="2021-06-01T13:46:19 IST" finished-at="2021-06-01T13:46:21 IST">
          <params>
            <param index="0">
              <value>
                <![CDATA[chrome]]>
              </value>
            </param>
          </params>
          <reporter-output>
          </reporter-output>
        </test-method> <!-- setup -->
        <test-method status="PASS" signature="test_contactus()[pri:0, instance:testCases.TC_024_ContactUs@281e3708]" name="test_contactus" duration-ms="21062" started-at="2021-06-01T13:46:21 IST" finished-at="2021-06-01T13:46:42 IST">
          <reporter-output>
          </reporter-output>
        </test-method> <!-- test_contactus -->
        <test-method status="PASS" signature="teadDown()[pri:0, instance:testCases.TC_024_ContactUs@281e3708]" name="teadDown" is-config="true" duration-ms="796" started-at="2021-06-01T13:46:42 IST" finished-at="2021-06-01T13:46:43 IST">
          <reporter-output>
          </reporter-output>
        </test-method> <!-- teadDown -->
      </class> <!-- testCases.TC_024_ContactUs -->
      <class name="testCases.TC_002_Login">
        <test-method status="PASS" signature="setup(java.lang.String)[pri:0, instance:testCases.TC_002_Login@5c18298f]" name="setup" is-config="true" duration-ms="1858" started-at="2021-06-01T13:37:56 IST" finished-at="2021-06-01T13:37:58 IST">
          <params>
            <param index="0">
              <value>
                <![CDATA[chrome]]>
              </value>
            </param>
          </params>
          <reporter-output>
          </reporter-output>
        </test-method> <!-- setup -->
        <test-method status="PASS" signature="test_Login()[pri:0, instance:testCases.TC_002_Login@5c18298f]" name="test_Login" duration-ms="17451" started-at="2021-06-01T13:37:58 IST" finished-at="2021-06-01T13:38:15 IST">
          <reporter-output>
          </reporter-output>
        </test-method> <!-- test_Login -->
        <test-method status="PASS" signature="teadDown()[pri:0, instance:testCases.TC_002_Login@5c18298f]" name="teadDown" is-config="true" duration-ms="841" started-at="2021-06-01T13:38:15 IST" finished-at="2021-06-01T13:38:16 IST">
          <reporter-output>
          </reporter-output>
        </test-method> <!-- teadDown -->
      </class> <!-- testCases.TC_002_Login -->
      <class name="testCases.TC_005_Addcart">
        <test-method status="PASS" signature="setup(java.lang.String)[pri:0, instance:testCases.TC_005_Addcart@5579bb86]" name="setup" is-config="true" duration-ms="1735" started-at="2021-06-01T13:38:37 IST" finished-at="2021-06-01T13:38:39 IST">
          <params>
            <param index="0">
              <value>
                <![CDATA[chrome]]>
              </value>
            </param>
          </params>
          <reporter-output>
          </reporter-output>
        </test-method> <!-- setup -->
        <test-method status="FAIL" signature="test_addcart()[pri:0, instance:testCases.TC_005_Addcart@5579bb86]" name="test_addcart" duration-ms="30804" started-at="2021-06-01T13:38:39 IST" finished-at="2021-06-01T13:39:10 IST">
          <exception class="java.lang.AssertionError">
            <message>
              <![CDATA[expected [true] but found [false]]]>
            </message>
            <full-stacktrace>
              <![CDATA[java.lang.AssertionError: expected [true] but found [false]
at org.testng.Assert.fail(Assert.java:99)
at org.testng.Assert.failNotEquals(Assert.java:1037)
at org.testng.Assert.assertTrue(Assert.java:45)
at org.testng.Assert.assertTrue(Assert.java:55)
at testCases.TC_005_Addcart.test_addcart(TC_005_Addcart.java:59)
at sun.reflect.NativeMethodAccessorImpl.invoke0(Native Method)
at sun.reflect.NativeMethodAccessorImpl.invoke(NativeMethodAccessorImpl.java:62)
at sun.reflect.DelegatingMethodAccessorImpl.invoke(DelegatingMethodAccessorImpl.java:43)
at java.lang.reflect.Method.invoke(Method.java:498)
at org.testng.internal.MethodInvocationHelper.invokeMethod(MethodInvocationHelper.java:132)
at org.testng.internal.TestInvoker.invokeMethod(TestInvoker.java:599)
at org.testng.internal.TestInvoker.invokeTestMethod(TestInvoker.java:174)
at org.testng.internal.MethodRunner.runInSequence(MethodRunner.java:46)
at org.testng.internal.TestInvoker$MethodInvocationAgent.invoke(TestInvoker.java:822)
at org.testng.internal.TestInvoker.invokeTestMethods(TestInvoker.java:147)
at org.testng.internal.TestMethodWorker.invokeTestMethods(TestMethodWorker.java:146)
at org.testng.internal.TestMethodWorker.run(TestMethodWorker.java:128)
at java.util.ArrayList.forEach(ArrayList.java:1259)
at org.testng.TestRunner.privateRun(TestRunner.java:764)
at org.testng.TestRunner.run(TestRunner.java:585)
at org.testng.SuiteRunner.runTest(SuiteRunner.java:384)
at org.testng.SuiteRunner.access$000(SuiteRunner.java:28)
at org.testng.SuiteRunner$SuiteWorker.run(SuiteRunner.java:425)
at org.testng.internal.thread.ThreadUtil.lambda$execute$0(ThreadUtil.java:66)
at java.util.concurrent.FutureTask.run(FutureTask.java:266)
at java.util.concurrent.ThreadPoolExecutor.runWorker(ThreadPoolExecutor.java:1149)
at java.util.concurrent.ThreadPoolExecutor$Worker.run(ThreadPoolExecutor.java:624)
at java.lang.Thread.run(Thread.java:748)
]]>
            </full-stacktrace>
          </exception> <!-- java.lang.AssertionError -->
          <reporter-output>
          </reporter-output>
        </test-method> <!-- test_addcart -->
        <test-method status="PASS" signature="teadDown()[pri:0, instance:testCases.TC_005_Addcart@5579bb86]" name="teadDown" is-config="true" duration-ms="793" started-at="2021-06-01T13:39:10 IST" finished-at="2021-06-01T13:39:11 IST">
          <reporter-output>
          </reporter-output>
        </test-method> <!-- teadDown -->
      </class> <!-- testCases.TC_005_Addcart -->
      <class name="testCases.TC_023_Affiliate">
        <test-method status="PASS" signature="setup(java.lang.String)[pri:0, instance:testCases.TC_023_Affiliate@68ceda24]" name="setup" is-config="true" duration-ms="1744" started-at="2021-06-01T13:45:54 IST" finished-at="2021-06-01T13:45:56 IST">
          <params>
            <param index="0">
              <value>
                <![CDATA[chrome]]>
              </value>
            </param>
          </params>
          <reporter-output>
          </reporter-output>
        </test-method> <!-- setup -->
        <test-method status="PASS" signature="test_Newletter()[pri:0, instance:testCases.TC_023_Affiliate@68ceda24]" name="test_Newletter" duration-ms="22952" started-at="2021-06-01T13:45:56 IST" finished-at="2021-06-01T13:46:19 IST">
          <reporter-output>
          </reporter-output>
        </test-method> <!-- test_Newletter -->
        <test-method status="PASS" signature="teadDown()[pri:0, instance:testCases.TC_023_Affiliate@68ceda24]" name="teadDown" is-config="true" duration-ms="780" started-at="2021-06-01T13:46:19 IST" finished-at="2021-06-01T13:46:19 IST">
          <reporter-output>
          </reporter-output>
        </test-method> <!-- teadDown -->
      </class> <!-- testCases.TC_023_Affiliate -->
    </test> <!-- OpenCart Tests -->
  </suite> <!-- OpenCart TestSuite -->
</testng-results>
